<?xml version="1.0" encoding="UTF-8"?>
<!-- Generated by org.testng.reporters.JUnitXMLReporter -->
<testsuite ignored="0" hostname="DESKTOP-U03HLON" failures="0" tests="4" name="Default test" time="0.055" errors="0" timestamp="2024-05-01T13:52:54 IST">
  <testcase classname="TestNG.TestNG_test_.Priorities_2" name="d" time="0.006"/>
  <testcase classname="TestNG.TestNG_test_.Priorities_2" name="c" time="0.002"/>
  <testcase classname="TestNG.TestNG_test_.Priorities_2" name="a" time="0.002"/>
  <testcase classname="TestNG.TestNG_test_.Priorities_2" name="b" time="0.001"/>
</testsuite> <!-- Default test -->
